TN:
SF:src\modules\appointments\services\CreateAppointmentService.ts
FN:34,__decorate
FN:34,__metadata
FN:34,__param
FN:34,__awaiter
FN:34,adopt
FN:34,fulfilled
FN:34,rejected
FN:34,step
FN:34,__generator
FN:34,sent
FN:34,g.<computed>
FN:34,verb
FN:34,step
FN:34,__importDefault
FN:13,CreateAppointmentService
FN:18,CreateAppointmentService.execute
FNF:16
FNH:14
FNDA:1,__decorate
FNDA:1,__metadata
FNDA:1,__param
FNDA:3,__awaiter
FNDA:5,adopt
FNDA:5,fulfilled
FNDA:0,rejected
FNDA:7,step
FNDA:3,__generator
FNDA:5,sent
FNDA:0,g.<computed>
FNDA:9,verb
FNDA:8,step
FNDA:1,__importDefault
FNDA:2,CreateAppointmentService
FNDA:3,CreateAppointmentService.execute
DA:1,1
DA:2,1
DA:3,1
DA:4,1
DA:5,1
DA:6,1
DA:7,1
DA:8,1
DA:9,1
DA:10,1
DA:11,1
DA:12,1
DA:13,1
DA:14,2
DA:15,2
DA:16,2
DA:17,1
DA:18,1
DA:19,3
DA:20,3
DA:21,3
DA:22,3
DA:23,3
DA:24,2
DA:25,2
DA:26,2
DA:27,2
DA:28,3
DA:29,3
DA:30,3
DA:31,3
DA:32,3
DA:33,1
DA:34,1
LF:34
LH:34
BRDA:34,0,0,1
BRDA:34,1,0,1
BRDA:34,2,0,0
BRDA:34,3,0,0
BRDA:34,4,0,0
BRDA:34,5,0,0
BRDA:34,6,0,1
BRDA:34,7,0,1
BRDA:34,8,0,1
BRDA:34,9,0,3
BRDA:34,10,0,5
BRDA:34,11,0,0
BRDA:34,12,0,3
BRDA:34,13,0,5
BRDA:34,14,0,4
BRDA:34,15,0,1
BRDA:34,16,0,7
BRDA:34,17,0,2
BRDA:34,18,0,5
BRDA:34,19,0,3
BRDA:34,20,0,5
BRDA:34,21,0,0
BRDA:34,22,0,9
BRDA:34,23,0,8
BRDA:34,24,0,8
BRDA:34,25,0,0
BRDA:34,26,0,17
BRDA:34,27,0,0
BRDA:34,28,0,0
BRDA:34,29,0,0
BRDA:34,30,0,0
BRDA:34,31,0,8
BRDA:34,32,0,8
BRDA:34,33,0,5
BRDA:34,34,0,0
BRDA:34,35,0,0
BRDA:34,36,0,4
BRDA:34,37,0,0
BRDA:34,38,0,3
BRDA:34,39,0,3
BRDA:34,40,0,1
BRDA:34,41,0,0
BRDA:34,42,0,1
BRDA:34,43,0,0
BRDA:34,44,0,0
BRDA:34,45,0,0
BRDA:34,46,0,9
BRDA:34,47,0,8
BRDA:34,48,0,1
BRDA:34,49,0,9
BRDA:34,50,0,3
BRDA:34,51,0,1
BRDA:34,52,0,2
BRDA:34,53,0,0
BRDA:34,54,0,1
BRDA:34,55,0,0
BRDA:12,56,0,1
BRDA:13,57,0,2
BRDA:18,58,0,3
BRDA:34,59,0,3
BRDA:34,60,0,9
BRDA:34,61,0,3
BRDA:34,62,0,3
BRDA:23,63,0,1
BRDA:23,64,0,2
BRDA:34,65,0,2
BRDA:31,66,0,1
BRF:67
BRH:47
end_of_record
TN:
SF:src\modules\users\services\AuthenticateUserService.ts
FN:52,__decorate
FN:52,__metadata
FN:52,__param
FN:52,__awaiter
FN:52,adopt
FN:52,fulfilled
FN:52,rejected
FN:52,step
FN:52,__generator
FN:52,sent
FN:52,g.<computed>
FN:52,verb
FN:52,step
FN:52,__importDefault
FN:22,AuthenticateUserService
FN:29,AuthenticateUserService.execute
FNF:16
FNH:14
FNDA:1,__decorate
FNDA:1,__metadata
FNDA:2,__param
FNDA:3,__awaiter
FNDA:5,adopt
FNDA:5,fulfilled
FNDA:0,rejected
FNDA:6,step
FNDA:3,__generator
FNDA:5,sent
FNDA:0,g.<computed>
FNDA:9,verb
FNDA:8,step
FNDA:2,__importDefault
FNDA:3,AuthenticateUserService
FNDA:3,AuthenticateUserService.execute
DA:1,1
DA:2,1
DA:3,1
DA:4,1
DA:5,1
DA:6,1
DA:7,1
DA:8,1
DA:9,1
DA:10,1
DA:11,1
DA:12,1
DA:13,1
DA:14,1
DA:15,1
DA:16,1
DA:17,1
DA:18,1
DA:19,1
DA:20,1
DA:21,1
DA:22,1
DA:23,3
DA:24,3
DA:25,3
DA:26,3
DA:27,3
DA:28,1
DA:29,1
DA:30,3
DA:31,3
DA:32,3
DA:33,1
DA:34,1
DA:35,2
DA:36,2
DA:37,3
DA:38,3
DA:39,3
DA:40,1
DA:41,1
DA:42,1
DA:43,1
DA:44,1
DA:45,1
DA:46,1
DA:47,1
DA:48,1
DA:49,3
DA:50,1
DA:51,1
DA:52,1
LF:52
LH:52
BRDA:52,0,0,1
BRDA:52,1,0,1
BRDA:52,2,0,0
BRDA:52,3,0,0
BRDA:52,4,0,0
BRDA:52,5,0,0
BRDA:52,6,0,1
BRDA:52,7,0,2
BRDA:52,8,0,2
BRDA:52,9,0,3
BRDA:52,10,0,5
BRDA:52,11,0,0
BRDA:52,12,0,3
BRDA:52,13,0,5
BRDA:52,14,0,3
BRDA:52,15,0,2
BRDA:52,16,0,6
BRDA:52,17,0,1
BRDA:52,18,0,5
BRDA:52,19,0,3
BRDA:52,20,0,5
BRDA:52,21,0,0
BRDA:52,22,0,9
BRDA:52,23,0,8
BRDA:52,24,0,8
BRDA:52,25,0,0
BRDA:52,26,0,16
BRDA:52,27,0,0
BRDA:52,28,0,0
BRDA:52,29,0,0
BRDA:52,30,0,0
BRDA:52,31,0,8
BRDA:52,32,0,8
BRDA:52,33,0,5
BRDA:52,34,0,0
BRDA:52,35,0,0
BRDA:52,36,0,3
BRDA:52,37,0,0
BRDA:52,38,0,1
BRDA:52,39,0,0
BRDA:52,40,0,0
BRDA:52,41,0,0
BRDA:52,42,0,0
BRDA:52,43,0,8
BRDA:52,44,0,6
BRDA:52,45,0,2
BRDA:52,46,0,8
BRDA:52,47,0,3
BRDA:52,48,0,2
BRDA:52,49,0,1
BRDA:52,50,0,0
BRDA:52,51,0,2
BRDA:52,52,0,0
BRDA:21,53,0,1
BRDA:22,54,0,3
BRDA:29,55,0,3
BRDA:52,56,0,3
BRDA:52,57,0,8
BRDA:30,58,0,3
BRDA:52,59,0,3
BRDA:32,60,0,1
BRDA:34,61,0,2
BRDA:52,62,0,2
BRDA:39,63,0,1
BRF:64
BRH:44
end_of_record
TN:
SF:src\modules\users\services\CreateUserService.ts
FN:40,__decorate
FN:40,__metadata
FN:40,__param
FN:40,__awaiter
FN:40,adopt
FN:40,fulfilled
FN:40,rejected
FN:40,step
FN:40,__generator
FN:40,sent
FN:40,g.<computed>
FN:40,verb
FN:40,step
FN:40,__importDefault
FN:16,CreateUserService
FN:23,CreateUserService.execute
FNF:16
FNH:14
FNDA:3,__decorate
FNDA:3,__metadata
FNDA:6,__param
FNDA:11,__awaiter
FNDA:31,adopt
FNDA:31,fulfilled
FNDA:0,rejected
FNDA:41,step
FNDA:11,__generator
FNDA:31,sent
FNDA:0,g.<computed>
FNDA:33,verb
FNDA:42,step
FNDA:3,__importDefault
FNDA:11,CreateUserService
FNDA:11,CreateUserService.execute
DA:1,1
DA:2,1
DA:3,1
DA:4,1
DA:5,1
DA:6,1
DA:7,1
DA:8,1
DA:9,1
DA:10,1
DA:11,1
DA:12,1
DA:13,1
DA:14,1
DA:15,3
DA:16,3
DA:17,11
DA:18,11
DA:19,11
DA:20,11
DA:21,11
DA:22,3
DA:23,3
DA:24,11
DA:25,11
DA:26,11
DA:27,1
DA:28,1
DA:29,10
DA:30,11
DA:31,11
DA:32,11
DA:33,11
DA:34,11
DA:35,11
DA:36,11
DA:37,11
DA:38,3
DA:39,1
DA:40,1
LF:40
LH:40
BRDA:40,0,0,3
BRDA:40,1,0,3
BRDA:40,2,0,0
BRDA:40,3,0,0
BRDA:40,4,0,0
BRDA:40,5,0,0
BRDA:40,6,0,3
BRDA:40,7,0,6
BRDA:40,8,0,6
BRDA:40,9,0,11
BRDA:40,10,0,31
BRDA:40,11,0,0
BRDA:40,12,0,11
BRDA:40,13,0,31
BRDA:40,14,0,30
BRDA:40,15,0,1
BRDA:40,16,0,41
BRDA:40,17,0,10
BRDA:40,18,0,31
BRDA:40,19,0,11
BRDA:40,20,0,31
BRDA:40,21,0,0
BRDA:40,22,0,33
BRDA:40,23,0,42
BRDA:40,24,0,42
BRDA:40,25,0,0
BRDA:40,26,0,84
BRDA:40,27,0,0
BRDA:40,28,0,0
BRDA:40,29,0,0
BRDA:40,30,0,0
BRDA:40,31,0,42
BRDA:40,32,0,42
BRDA:40,33,0,31
BRDA:40,34,0,0
BRDA:40,35,0,0
BRDA:40,36,0,11
BRDA:40,37,0,0
BRDA:40,38,0,10
BRDA:40,39,0,0
BRDA:40,40,0,0
BRDA:40,41,0,0
BRDA:40,42,0,0
BRDA:40,43,0,52
BRDA:40,44,0,42
BRDA:40,45,0,41
BRDA:40,46,0,1
BRDA:40,47,0,42
BRDA:40,48,0,11
BRDA:40,49,0,1
BRDA:40,50,0,10
BRDA:40,51,0,0
BRDA:40,52,0,3
BRDA:40,53,0,0
BRDA:15,54,0,3
BRDA:16,55,0,11
BRDA:23,56,0,11
BRDA:40,57,0,11
BRDA:40,58,0,42
BRDA:24,59,0,11
BRDA:40,60,0,11
BRDA:26,61,0,1
BRDA:28,62,0,10
BRDA:40,63,0,10
BRDA:40,64,0,10
BRF:65
BRH:45
end_of_record
TN:
SF:src\modules\users\services\ResetPasswordService.ts
FN:47,__decorate
FN:47,__metadata
FN:47,__param
FN:47,__awaiter
FN:47,adopt
FN:47,fulfilled
FN:47,rejected
FN:47,step
FN:47,__generator
FN:47,sent
FN:47,g.<computed>
FN:47,verb
FN:47,step
FN:47,__importDefault
FN:14,ResetPasswordService
FN:23,ResetPasswordService.execute
FNF:16
FNH:14
FNDA:1,__decorate
FNDA:1,__metadata
FNDA:3,__param
FNDA:4,__awaiter
FNDA:8,adopt
FNDA:8,fulfilled
FNDA:0,rejected
FNDA:9,step
FNDA:4,__generator
FNDA:8,sent
FNDA:0,g.<computed>
FNDA:12,verb
FNDA:12,step
FNDA:1,__importDefault
FNDA:4,ResetPasswordService
FNDA:4,ResetPasswordService.execute
DA:1,1
DA:2,1
DA:3,1
DA:4,1
DA:5,1
DA:6,1
DA:7,1
DA:8,1
DA:9,1
DA:10,1
DA:11,1
DA:12,1
DA:13,1
DA:14,1
DA:15,4
DA:16,4
DA:17,4
DA:18,4
DA:19,4
DA:20,4
DA:21,4
DA:22,1
DA:23,1
DA:24,4
DA:25,4
DA:26,4
DA:27,4
DA:28,4
DA:29,1
DA:30,1
DA:31,3
DA:32,3
DA:33,4
DA:34,4
DA:35,1
DA:36,1
DA:37,2
DA:38,2
DA:39,4
DA:40,1
DA:41,1
DA:42,1
DA:43,4
DA:44,4
DA:45,1
DA:46,1
DA:47,1
LF:47
LH:47
BRDA:47,0,0,1
BRDA:47,1,0,1
BRDA:47,2,0,0
BRDA:47,3,0,0
BRDA:47,4,0,0
BRDA:47,5,0,0
BRDA:47,6,0,1
BRDA:47,7,0,3
BRDA:47,8,0,3
BRDA:47,9,0,4
BRDA:47,10,0,8
BRDA:47,11,0,0
BRDA:47,12,0,4
BRDA:47,13,0,8
BRDA:47,14,0,5
BRDA:47,15,0,3
BRDA:47,16,0,9
BRDA:47,17,0,1
BRDA:47,18,0,8
BRDA:47,19,0,4
BRDA:47,20,0,8
BRDA:47,21,0,0
BRDA:47,22,0,12
BRDA:47,23,0,12
BRDA:47,24,0,12
BRDA:47,25,0,0
BRDA:47,26,0,24
BRDA:47,27,0,0
BRDA:47,28,0,0
BRDA:47,29,0,0
BRDA:47,30,0,0
BRDA:47,31,0,12
BRDA:47,32,0,12
BRDA:47,33,0,8
BRDA:47,34,0,0
BRDA:47,35,0,0
BRDA:47,36,0,4
BRDA:47,37,0,0
BRDA:47,38,0,1
BRDA:47,39,0,0
BRDA:47,40,0,0
BRDA:47,41,0,0
BRDA:47,42,0,0
BRDA:47,43,0,12
BRDA:47,44,0,9
BRDA:47,45,0,3
BRDA:47,46,0,12
BRDA:47,47,0,4
BRDA:47,48,0,3
BRDA:47,49,0,1
BRDA:47,50,0,0
BRDA:47,51,0,1
BRDA:47,52,0,0
BRDA:13,53,0,1
BRDA:14,54,0,4
BRDA:23,55,0,4
BRDA:47,56,0,4
BRDA:47,57,0,12
BRDA:24,58,0,4
BRDA:47,59,0,4
BRDA:28,60,0,1
BRDA:30,61,0,3
BRDA:47,62,0,3
BRDA:34,63,0,1
BRDA:36,64,0,2
BRDA:39,65,0,1
BRDA:47,66,0,1
BRF:67
BRH:47
end_of_record
TN:
SF:src\modules\users\services\SendPasswordEmailService.ts
FN:48,__decorate
FN:48,__metadata
FN:48,__param
FN:48,__awaiter
FN:48,adopt
FN:48,fulfilled
FN:48,rejected
FN:48,step
FN:48,__generator
FN:48,sent
FN:48,g.<computed>
FN:48,verb
FN:48,step
FN:48,__importDefault
FN:13,ForgotPasswordService
FN:22,ForgotPasswordService.execute
FNF:16
FNH:14
FNDA:1,__decorate
FNDA:1,__metadata
FNDA:3,__param
FNDA:3,__awaiter
FNDA:7,adopt
FNDA:7,fulfilled
FNDA:0,rejected
FNDA:9,step
FNDA:3,__generator
FNDA:7,sent
FNDA:0,g.<computed>
FNDA:9,verb
FNDA:10,step
FNDA:2,__importDefault
FNDA:3,ForgotPasswordService
FNDA:3,ForgotPasswordService.execute
DA:1,1
DA:2,1
DA:3,1
DA:4,1
DA:5,1
DA:6,1
DA:7,1
DA:8,1
DA:9,1
DA:10,1
DA:11,1
DA:12,1
DA:13,1
DA:14,3
DA:15,3
DA:16,3
DA:17,3
DA:18,3
DA:19,3
DA:20,3
DA:21,1
DA:22,1
DA:23,3
DA:24,3
DA:25,3
DA:26,1
DA:27,1
DA:28,2
DA:29,2
DA:30,3
DA:31,3
DA:32,3
DA:33,3
DA:34,3
DA:35,3
DA:36,3
DA:37,3
DA:38,3
DA:39,3
DA:40,3
DA:41,3
DA:42,3
DA:43,3
DA:44,3
DA:45,3
DA:46,1
DA:47,1
DA:48,1
LF:48
LH:48
BRDA:48,0,0,1
BRDA:48,1,0,1
BRDA:48,2,0,0
BRDA:48,3,0,0
BRDA:48,4,0,0
BRDA:48,5,0,0
BRDA:48,6,0,1
BRDA:48,7,0,3
BRDA:48,8,0,3
BRDA:48,9,0,3
BRDA:48,10,0,7
BRDA:48,11,0,0
BRDA:48,12,0,3
BRDA:48,13,0,7
BRDA:48,14,0,6
BRDA:48,15,0,1
BRDA:48,16,0,9
BRDA:48,17,0,2
BRDA:48,18,0,7
BRDA:48,19,0,3
BRDA:48,20,0,7
BRDA:48,21,0,0
BRDA:48,22,0,9
BRDA:48,23,0,10
BRDA:48,24,0,10
BRDA:48,25,0,0
BRDA:48,26,0,20
BRDA:48,27,0,0
BRDA:48,28,0,0
BRDA:48,29,0,0
BRDA:48,30,0,0
BRDA:48,31,0,10
BRDA:48,32,0,10
BRDA:48,33,0,7
BRDA:48,34,0,0
BRDA:48,35,0,0
BRDA:48,36,0,3
BRDA:48,37,0,0
BRDA:48,38,0,2
BRDA:48,39,0,0
BRDA:48,40,0,0
BRDA:48,41,0,0
BRDA:48,42,0,0
BRDA:48,43,0,10
BRDA:48,44,0,9
BRDA:48,45,0,1
BRDA:48,46,0,10
BRDA:48,47,0,3
BRDA:48,48,0,1
BRDA:48,49,0,2
BRDA:48,50,0,0
BRDA:48,51,0,2
BRDA:48,52,0,1
BRDA:48,53,0,1
BRDA:12,54,0,1
BRDA:13,55,0,3
BRDA:22,56,0,3
BRDA:48,57,0,3
BRDA:48,58,0,10
BRDA:23,59,0,3
BRDA:48,60,0,3
BRDA:25,61,0,1
BRDA:27,62,0,2
BRDA:48,63,0,2
BRDA:48,64,0,2
BRF:65
BRH:46
end_of_record
TN:
SF:src\modules\users\services\ShowProfileService.ts
FN:28,__decorate
FN:28,__metadata
FN:28,__param
FN:28,__awaiter
FN:28,adopt
FN:28,fulfilled
FN:28,rejected
FN:28,step
FN:28,__generator
FN:28,sent
FN:28,g.<computed>
FN:28,verb
FN:28,step
FN:28,__importDefault
FN:12,ShowProfileService
FN:17,ShowProfileService.execute
FNF:16
FNH:14
FNDA:1,__decorate
FNDA:1,__metadata
FNDA:1,__param
FNDA:2,__awaiter
FNDA:2,adopt
FNDA:2,fulfilled
FNDA:0,rejected
FNDA:3,step
FNDA:2,__generator
FNDA:2,sent
FNDA:0,g.<computed>
FNDA:6,verb
FNDA:4,step
FNDA:1,__importDefault
FNDA:2,ShowProfileService
FNDA:2,ShowProfileService.execute
DA:1,1
DA:2,1
DA:3,1
DA:4,1
DA:5,1
DA:6,1
DA:7,1
DA:8,1
DA:9,1
DA:10,1
DA:11,1
DA:12,1
DA:13,2
DA:14,2
DA:15,2
DA:16,1
DA:17,1
DA:18,2
DA:19,2
DA:20,2
DA:21,1
DA:22,1
DA:23,1
DA:24,1
DA:25,2
DA:26,1
DA:27,1
DA:28,1
LF:28
LH:28
BRDA:28,0,0,1
BRDA:28,1,0,1
BRDA:28,2,0,0
BRDA:28,3,0,0
BRDA:28,4,0,0
BRDA:28,5,0,0
BRDA:28,6,0,1
BRDA:28,7,0,1
BRDA:28,8,0,1
BRDA:28,9,0,2
BRDA:28,10,0,2
BRDA:28,11,0,0
BRDA:28,12,0,2
BRDA:28,13,0,2
BRDA:28,14,0,1
BRDA:28,15,0,3
BRDA:28,16,0,1
BRDA:28,17,0,2
BRDA:28,18,0,2
BRDA:28,19,0,2
BRDA:28,20,0,0
BRDA:28,21,0,6
BRDA:28,22,0,4
BRDA:28,23,0,4
BRDA:28,24,0,0
BRDA:28,25,0,8
BRDA:28,26,0,0
BRDA:28,27,0,0
BRDA:28,28,0,0
BRDA:28,29,0,0
BRDA:28,30,0,4
BRDA:28,31,0,4
BRDA:28,32,0,2
BRDA:28,33,0,0
BRDA:28,34,0,0
BRDA:28,35,0,2
BRDA:28,36,0,0
BRDA:28,37,0,1
BRDA:28,38,0,0
BRDA:28,39,0,0
BRDA:28,40,0,0
BRDA:28,41,0,0
BRDA:28,42,0,4
BRDA:28,43,0,3
BRDA:28,44,0,1
BRDA:28,45,0,4
BRDA:28,46,0,2
BRDA:28,47,0,1
BRDA:28,48,0,0
BRDA:28,49,0,1
BRDA:28,50,0,0
BRDA:11,51,0,1
BRDA:12,52,0,2
BRDA:17,53,0,2
BRDA:28,54,0,2
BRDA:28,55,0,4
BRDA:18,56,0,2
BRDA:28,57,0,2
BRDA:20,58,0,1
BRF:59
BRH:39
end_of_record
TN:
SF:src\modules\users\services\UpdateUserAvatar.ts
FN:40,__decorate
FN:40,__metadata
FN:40,__param
FN:40,__awaiter
FN:40,adopt
FN:40,fulfilled
FN:40,rejected
FN:40,step
FN:40,__generator
FN:40,sent
FN:40,g.<computed>
FN:40,verb
FN:40,step
FN:40,__importDefault
FN:14,UpdateUserAvatarService
FN:21,UpdateUserAvatarService.execute
FNF:16
FNH:14
FNDA:1,__decorate
FNDA:1,__metadata
FNDA:2,__param
FNDA:4,__awaiter
FNDA:11,adopt
FNDA:11,fulfilled
FNDA:0,rejected
FNDA:14,step
FNDA:4,__generator
FNDA:11,sent
FNDA:0,g.<computed>
FNDA:12,verb
FNDA:15,step
FNDA:1,__importDefault
FNDA:3,UpdateUserAvatarService
FNDA:4,UpdateUserAvatarService.execute
DA:1,1
DA:2,1
DA:3,1
DA:4,1
DA:5,1
DA:6,1
DA:7,1
DA:8,1
DA:9,1
DA:10,1
DA:11,1
DA:12,1
DA:13,1
DA:14,1
DA:15,3
DA:16,3
DA:17,3
DA:18,3
DA:19,3
DA:20,1
DA:21,1
DA:22,4
DA:23,4
DA:24,4
DA:25,1
DA:26,1
DA:27,3
DA:28,3
DA:29,1
DA:30,4
DA:31,4
DA:32,4
DA:33,4
DA:34,4
DA:35,4
DA:36,4
DA:37,4
DA:38,1
DA:39,1
DA:40,1
LF:40
LH:40
BRDA:40,0,0,1
BRDA:40,1,0,1
BRDA:40,2,0,0
BRDA:40,3,0,0
BRDA:40,4,0,0
BRDA:40,5,0,0
BRDA:40,6,0,1
BRDA:40,7,0,2
BRDA:40,8,0,2
BRDA:40,9,0,4
BRDA:40,10,0,11
BRDA:40,11,0,0
BRDA:40,12,0,4
BRDA:40,13,0,11
BRDA:40,14,0,10
BRDA:40,15,0,1
BRDA:40,16,0,14
BRDA:40,17,0,3
BRDA:40,18,0,11
BRDA:40,19,0,4
BRDA:40,20,0,11
BRDA:40,21,0,0
BRDA:40,22,0,12
BRDA:40,23,0,15
BRDA:40,24,0,15
BRDA:40,25,0,0
BRDA:40,26,0,32
BRDA:40,27,0,0
BRDA:40,28,0,0
BRDA:40,29,0,0
BRDA:40,30,0,0
BRDA:40,31,0,15
BRDA:40,32,0,15
BRDA:40,33,0,11
BRDA:40,34,0,0
BRDA:40,35,0,0
BRDA:40,36,0,6
BRDA:40,37,0,0
BRDA:40,38,0,5
BRDA:40,39,0,4
BRDA:40,40,0,2
BRDA:40,41,0,0
BRDA:40,42,0,2
BRDA:40,43,0,0
BRDA:40,44,0,0
BRDA:40,45,0,0
BRDA:40,46,0,17
BRDA:40,47,0,16
BRDA:40,48,0,1
BRDA:40,49,0,17
BRDA:40,50,0,4
BRDA:40,51,0,1
BRDA:40,52,0,3
BRDA:40,53,0,0
BRDA:40,54,0,1
BRDA:40,55,0,0
BRDA:13,56,0,1
BRDA:14,57,0,3
BRDA:21,58,0,4
BRDA:40,59,0,4
BRDA:40,60,0,17
BRDA:22,61,0,4
BRDA:40,62,0,4
BRDA:24,63,0,1
BRDA:26,64,0,3
BRDA:28,65,0,2
BRDA:28,66,0,1
BRDA:40,67,0,1
BRDA:32,68,0,3
BRDA:40,69,0,3
BRDA:40,70,0,3
BRF:71
BRH:51
end_of_record
TN:
SF:src\modules\users\services\UpdateUserService.ts
FN:61,__decorate
FN:61,__metadata
FN:61,__param
FN:61,__awaiter
FN:61,adopt
FN:61,fulfilled
FN:61,rejected
FN:61,step
FN:61,__generator
FN:61,sent
FN:61,g.<computed>
FN:61,verb
FN:61,step
FN:61,__importDefault
FN:17,UpdateUserService
FN:24,UpdateUserService.execute
FNF:16
FNH:14
FNDA:1,__decorate
FNDA:1,__metadata
FNDA:2,__param
FNDA:6,__awaiter
FNDA:16,adopt
FNDA:16,fulfilled
FNDA:0,rejected
FNDA:18,step
FNDA:6,__generator
FNDA:16,sent
FNDA:0,g.<computed>
FNDA:18,verb
FNDA:22,step
FNDA:1,__importDefault
FNDA:6,UpdateUserService
FNDA:6,UpdateUserService.execute
DA:1,1
DA:2,1
DA:3,1
DA:4,1
DA:5,1
DA:6,1
DA:7,1
DA:8,1
DA:9,1
DA:10,1
DA:11,1
DA:12,1
DA:13,1
DA:14,1
DA:15,1
DA:16,1
DA:17,1
DA:18,6
DA:19,6
DA:20,6
DA:21,6
DA:22,6
DA:23,1
DA:24,1
DA:25,6
DA:26,6
DA:27,6
DA:28,1
DA:29,1
DA:30,5
DA:31,5
DA:32,6
DA:33,6
DA:34,1
DA:35,1
DA:36,4
DA:37,6
DA:38,1
DA:39,1
DA:40,3
DA:41,6
DA:42,2
DA:43,2
DA:44,2
DA:45,2
DA:46,6
DA:47,6
DA:48,1
DA:49,1
DA:50,1
DA:51,1
DA:52,6
DA:53,6
DA:54,6
DA:55,6
DA:56,6
DA:57,6
DA:58,6
DA:59,1
DA:60,1
DA:61,1
LF:61
LH:61
BRDA:61,0,0,1
BRDA:61,1,0,1
BRDA:61,2,0,0
BRDA:61,3,0,0
BRDA:61,4,0,0
BRDA:61,5,0,0
BRDA:61,6,0,1
BRDA:61,7,0,2
BRDA:61,8,0,2
BRDA:61,9,0,6
BRDA:61,10,0,16
BRDA:61,11,0,0
BRDA:61,12,0,6
BRDA:61,13,0,16
BRDA:61,14,0,12
BRDA:61,15,0,4
BRDA:61,16,0,18
BRDA:61,17,0,2
BRDA:61,18,0,16
BRDA:61,19,0,6
BRDA:61,20,0,16
BRDA:61,21,0,0
BRDA:61,22,0,18
BRDA:61,23,0,22
BRDA:61,24,0,22
BRDA:61,25,0,0
BRDA:61,26,0,45
BRDA:61,27,0,0
BRDA:61,28,0,0
BRDA:61,29,0,0
BRDA:61,30,0,0
BRDA:61,31,0,22
BRDA:61,32,0,22
BRDA:61,33,0,16
BRDA:61,34,0,0
BRDA:61,35,0,0
BRDA:61,36,0,7
BRDA:61,37,0,0
BRDA:61,38,0,3
BRDA:61,39,0,6
BRDA:61,40,0,1
BRDA:61,41,0,0
BRDA:61,42,0,1
BRDA:61,43,0,0
BRDA:61,44,0,0
BRDA:61,45,0,0
BRDA:61,46,0,23
BRDA:61,47,0,19
BRDA:61,48,0,4
BRDA:61,49,0,23
BRDA:61,50,0,6
BRDA:61,51,0,4
BRDA:61,52,0,2
BRDA:61,53,0,0
BRDA:61,54,0,1
BRDA:61,55,0,0
BRDA:16,56,0,1
BRDA:17,57,0,6
BRDA:24,58,0,6
BRDA:61,59,0,6
BRDA:61,60,0,23
BRDA:25,61,0,6
BRDA:61,62,0,6
BRDA:27,63,0,1
BRDA:29,64,0,5
BRDA:61,65,0,5
BRDA:33,66,0,1
BRDA:33,67,0,1
BRDA:35,68,0,4
BRDA:37,69,0,3
BRDA:37,70,0,1
BRDA:39,71,0,3
BRDA:41,72,0,2
BRDA:41,73,0,1
BRDA:41,74,0,2
BRDA:61,75,0,2
BRDA:47,76,0,1
BRDA:61,77,0,1
BRDA:61,78,0,2
BRDA:61,79,0,2
BRF:80
BRH:60
end_of_record
