TN:
SF:src\modules\appointments\services\CreateAppointmentService.ts
FN:34,__decorate
FN:34,__metadata
FN:34,__param
FN:34,__awaiter
FN:34,adopt
FN:34,fulfilled
FN:34,rejected
FN:34,step
FN:34,__generator
FN:34,sent
FN:34,g.<computed>
FN:34,verb
FN:34,step
FN:34,__importDefault
FN:13,CreateAppointmentService
FN:18,CreateAppointmentService.execute
FNF:16
FNH:14
FNDA:1,__decorate
FNDA:1,__metadata
FNDA:1,__param
FNDA:3,__awaiter
FNDA:5,adopt
FNDA:5,fulfilled
FNDA:0,rejected
FNDA:7,step
FNDA:3,__generator
FNDA:5,sent
FNDA:0,g.<computed>
FNDA:9,verb
FNDA:8,step
FNDA:1,__importDefault
FNDA:2,CreateAppointmentService
FNDA:3,CreateAppointmentService.execute
DA:1,1
DA:2,1
DA:3,1
DA:4,1
DA:5,1
DA:6,1
DA:7,1
DA:8,1
DA:9,1
DA:10,1
DA:11,1
DA:12,1
DA:13,1
DA:14,2
DA:15,2
DA:16,2
DA:17,1
DA:18,1
DA:19,3
DA:20,3
DA:21,3
DA:22,3
DA:23,3
DA:24,2
DA:25,2
DA:26,2
DA:27,2
DA:28,3
DA:29,3
DA:30,3
DA:31,3
DA:32,3
DA:33,1
DA:34,1
LF:34
LH:34
BRDA:34,0,0,1
BRDA:34,1,0,1
BRDA:34,2,0,0
BRDA:34,3,0,0
BRDA:34,4,0,0
BRDA:34,5,0,0
BRDA:34,6,0,1
BRDA:34,7,0,1
BRDA:34,8,0,1
BRDA:34,9,0,3
BRDA:34,10,0,5
BRDA:34,11,0,0
BRDA:34,12,0,3
BRDA:34,13,0,5
BRDA:34,14,0,4
BRDA:34,15,0,1
BRDA:34,16,0,7
BRDA:34,17,0,2
BRDA:34,18,0,5
BRDA:34,19,0,3
BRDA:34,20,0,5
BRDA:34,21,0,0
BRDA:34,22,0,9
BRDA:34,23,0,8
BRDA:34,24,0,8
BRDA:34,25,0,0
BRDA:34,26,0,17
BRDA:34,27,0,0
BRDA:34,28,0,0
BRDA:34,29,0,0
BRDA:34,30,0,0
BRDA:34,31,0,8
BRDA:34,32,0,8
BRDA:34,33,0,5
BRDA:34,34,0,0
BRDA:34,35,0,0
BRDA:34,36,0,4
BRDA:34,37,0,0
BRDA:34,38,0,3
BRDA:34,39,0,3
BRDA:34,40,0,1
BRDA:34,41,0,0
BRDA:34,42,0,1
BRDA:34,43,0,0
BRDA:34,44,0,0
BRDA:34,45,0,0
BRDA:34,46,0,9
BRDA:34,47,0,8
BRDA:34,48,0,1
BRDA:34,49,0,9
BRDA:34,50,0,3
BRDA:34,51,0,1
BRDA:34,52,0,2
BRDA:34,53,0,0
BRDA:34,54,0,1
BRDA:34,55,0,0
BRDA:12,56,0,1
BRDA:13,57,0,2
BRDA:18,58,0,3
BRDA:34,59,0,3
BRDA:34,60,0,9
BRDA:34,61,0,3
BRDA:34,62,0,3
BRDA:23,63,0,1
BRDA:23,64,0,2
BRDA:34,65,0,2
BRDA:31,66,0,1
BRF:67
BRH:47
end_of_record
TN:
SF:src\modules\users\services\AuthenticateUserService.ts
FN:49,__decorate
FN:49,__metadata
FN:49,__param
FN:49,__awaiter
FN:49,adopt
FN:49,fulfilled
FN:49,rejected
FN:49,step
FN:49,__generator
FN:49,sent
FN:49,g.<computed>
FN:49,verb
FN:49,step
FN:49,__importDefault
FN:22,AuthenticateUserService
FN:29,AuthenticateUserService.execute
FNF:16
FNH:14
FNDA:1,__decorate
FNDA:1,__metadata
FNDA:2,__param
FNDA:3,__awaiter
FNDA:5,adopt
FNDA:5,fulfilled
FNDA:0,rejected
FNDA:6,step
FNDA:3,__generator
FNDA:5,sent
FNDA:0,g.<computed>
FNDA:9,verb
FNDA:8,step
FNDA:2,__importDefault
FNDA:3,AuthenticateUserService
FNDA:3,AuthenticateUserService.execute
DA:1,1
DA:2,1
DA:3,1
DA:4,1
DA:5,1
DA:6,1
DA:7,1
DA:8,1
DA:9,1
DA:10,1
DA:11,1
DA:12,1
DA:13,1
DA:14,1
DA:15,1
DA:16,1
DA:17,1
DA:18,1
DA:19,1
DA:20,1
DA:21,1
DA:22,1
DA:23,3
DA:24,3
DA:25,3
DA:26,3
DA:27,3
DA:28,1
DA:29,1
DA:30,3
DA:31,3
DA:32,3
DA:33,1
DA:34,1
DA:35,2
DA:36,3
DA:37,1
DA:38,1
DA:39,1
DA:40,1
DA:41,1
DA:42,1
DA:43,1
DA:44,1
DA:45,1
DA:46,3
DA:47,1
DA:48,1
DA:49,1
LF:49
LH:49
BRDA:49,0,0,1
BRDA:49,1,0,1
BRDA:49,2,0,0
BRDA:49,3,0,0
BRDA:49,4,0,0
BRDA:49,5,0,0
BRDA:49,6,0,1
BRDA:49,7,0,2
BRDA:49,8,0,2
BRDA:49,9,0,3
BRDA:49,10,0,5
BRDA:49,11,0,0
BRDA:49,12,0,3
BRDA:49,13,0,5
BRDA:49,14,0,3
BRDA:49,15,0,2
BRDA:49,16,0,6
BRDA:49,17,0,1
BRDA:49,18,0,5
BRDA:49,19,0,3
BRDA:49,20,0,5
BRDA:49,21,0,0
BRDA:49,22,0,9
BRDA:49,23,0,8
BRDA:49,24,0,8
BRDA:49,25,0,0
BRDA:49,26,0,16
BRDA:49,27,0,0
BRDA:49,28,0,0
BRDA:49,29,0,0
BRDA:49,30,0,0
BRDA:49,31,0,8
BRDA:49,32,0,8
BRDA:49,33,0,5
BRDA:49,34,0,0
BRDA:49,35,0,0
BRDA:49,36,0,3
BRDA:49,37,0,0
BRDA:49,38,0,1
BRDA:49,39,0,0
BRDA:49,40,0,0
BRDA:49,41,0,0
BRDA:49,42,0,0
BRDA:49,43,0,8
BRDA:49,44,0,6
BRDA:49,45,0,2
BRDA:49,46,0,8
BRDA:49,47,0,3
BRDA:49,48,0,2
BRDA:49,49,0,1
BRDA:49,50,0,0
BRDA:49,51,0,2
BRDA:49,52,0,0
BRDA:21,53,0,1
BRDA:22,54,0,3
BRDA:29,55,0,3
BRDA:49,56,0,3
BRDA:49,57,0,8
BRDA:30,58,0,3
BRDA:49,59,0,3
BRDA:32,60,0,1
BRDA:34,61,0,2
BRDA:49,62,0,2
BRDA:36,63,0,1
BRF:64
BRH:44
end_of_record
TN:
SF:src\modules\users\services\CreateUserService.ts
FN:40,__decorate
FN:40,__metadata
FN:40,__param
FN:40,__awaiter
FN:40,adopt
FN:40,fulfilled
FN:40,rejected
FN:40,step
FN:40,__generator
FN:40,sent
FN:40,g.<computed>
FN:40,verb
FN:40,step
FN:40,__importDefault
FN:16,CreateUserService
FN:23,CreateUserService.execute
FNF:16
FNH:14
FNDA:2,__decorate
FNDA:2,__metadata
FNDA:4,__param
FNDA:5,__awaiter
FNDA:13,adopt
FNDA:13,fulfilled
FNDA:0,rejected
FNDA:17,step
FNDA:5,__generator
FNDA:13,sent
FNDA:0,g.<computed>
FNDA:15,verb
FNDA:18,step
FNDA:2,__importDefault
FNDA:4,CreateUserService
FNDA:5,CreateUserService.execute
DA:1,1
DA:2,1
DA:3,1
DA:4,1
DA:5,1
DA:6,1
DA:7,1
DA:8,1
DA:9,1
DA:10,1
DA:11,1
DA:12,1
DA:13,1
DA:14,1
DA:15,2
DA:16,2
DA:17,4
DA:18,4
DA:19,4
DA:20,4
DA:21,4
DA:22,2
DA:23,2
DA:24,5
DA:25,5
DA:26,5
DA:27,1
DA:28,1
DA:29,4
DA:30,5
DA:31,5
DA:32,5
DA:33,5
DA:34,5
DA:35,5
DA:36,5
DA:37,5
DA:38,2
DA:39,1
DA:40,1
LF:40
LH:40
BRDA:40,0,0,2
BRDA:40,1,0,2
BRDA:40,2,0,0
BRDA:40,3,0,0
BRDA:40,4,0,0
BRDA:40,5,0,0
BRDA:40,6,0,2
BRDA:40,7,0,4
BRDA:40,8,0,4
BRDA:40,9,0,5
BRDA:40,10,0,13
BRDA:40,11,0,0
BRDA:40,12,0,5
BRDA:40,13,0,13
BRDA:40,14,0,12
BRDA:40,15,0,1
BRDA:40,16,0,17
BRDA:40,17,0,4
BRDA:40,18,0,13
BRDA:40,19,0,5
BRDA:40,20,0,13
BRDA:40,21,0,0
BRDA:40,22,0,15
BRDA:40,23,0,18
BRDA:40,24,0,18
BRDA:40,25,0,0
BRDA:40,26,0,36
BRDA:40,27,0,0
BRDA:40,28,0,0
BRDA:40,29,0,0
BRDA:40,30,0,0
BRDA:40,31,0,18
BRDA:40,32,0,18
BRDA:40,33,0,13
BRDA:40,34,0,0
BRDA:40,35,0,0
BRDA:40,36,0,5
BRDA:40,37,0,0
BRDA:40,38,0,4
BRDA:40,39,0,0
BRDA:40,40,0,0
BRDA:40,41,0,0
BRDA:40,42,0,0
BRDA:40,43,0,28
BRDA:40,44,0,18
BRDA:40,45,0,17
BRDA:40,46,0,1
BRDA:40,47,0,18
BRDA:40,48,0,5
BRDA:40,49,0,1
BRDA:40,50,0,4
BRDA:40,51,0,0
BRDA:40,52,0,2
BRDA:40,53,0,0
BRDA:15,54,0,2
BRDA:16,55,0,4
BRDA:23,56,0,5
BRDA:40,57,0,5
BRDA:40,58,0,18
BRDA:24,59,0,5
BRDA:40,60,0,5
BRDA:26,61,0,1
BRDA:28,62,0,4
BRDA:40,63,0,4
BRDA:40,64,0,4
BRF:65
BRH:45
end_of_record
TN:
SF:src\modules\users\services\UpdateUserAvatar.ts
FN:40,__decorate
FN:40,__metadata
FN:40,__param
FN:40,__awaiter
FN:40,adopt
FN:40,fulfilled
FN:40,rejected
FN:40,step
FN:40,__generator
FN:40,sent
FN:40,g.<computed>
FN:40,verb
FN:40,step
FN:40,__importDefault
FN:14,UpdateUserAvatarService
FN:21,UpdateUserAvatarService.execute
FNF:16
FNH:14
FNDA:1,__decorate
FNDA:1,__metadata
FNDA:2,__param
FNDA:4,__awaiter
FNDA:11,adopt
FNDA:11,fulfilled
FNDA:0,rejected
FNDA:14,step
FNDA:4,__generator
FNDA:11,sent
FNDA:0,g.<computed>
FNDA:12,verb
FNDA:15,step
FNDA:1,__importDefault
FNDA:3,UpdateUserAvatarService
FNDA:4,UpdateUserAvatarService.execute
DA:1,1
DA:2,1
DA:3,1
DA:4,1
DA:5,1
DA:6,1
DA:7,1
DA:8,1
DA:9,1
DA:10,1
DA:11,1
DA:12,1
DA:13,1
DA:14,1
DA:15,3
DA:16,3
DA:17,3
DA:18,3
DA:19,3
DA:20,1
DA:21,1
DA:22,4
DA:23,4
DA:24,4
DA:25,1
DA:26,1
DA:27,3
DA:28,3
DA:29,1
DA:30,4
DA:31,4
DA:32,4
DA:33,4
DA:34,4
DA:35,4
DA:36,4
DA:37,4
DA:38,1
DA:39,1
DA:40,1
LF:40
LH:40
BRDA:40,0,0,1
BRDA:40,1,0,1
BRDA:40,2,0,0
BRDA:40,3,0,0
BRDA:40,4,0,0
BRDA:40,5,0,0
BRDA:40,6,0,1
BRDA:40,7,0,2
BRDA:40,8,0,2
BRDA:40,9,0,4
BRDA:40,10,0,11
BRDA:40,11,0,0
BRDA:40,12,0,4
BRDA:40,13,0,11
BRDA:40,14,0,10
BRDA:40,15,0,1
BRDA:40,16,0,14
BRDA:40,17,0,3
BRDA:40,18,0,11
BRDA:40,19,0,4
BRDA:40,20,0,11
BRDA:40,21,0,0
BRDA:40,22,0,12
BRDA:40,23,0,15
BRDA:40,24,0,15
BRDA:40,25,0,0
BRDA:40,26,0,32
BRDA:40,27,0,0
BRDA:40,28,0,0
BRDA:40,29,0,0
BRDA:40,30,0,0
BRDA:40,31,0,15
BRDA:40,32,0,15
BRDA:40,33,0,11
BRDA:40,34,0,0
BRDA:40,35,0,0
BRDA:40,36,0,6
BRDA:40,37,0,0
BRDA:40,38,0,5
BRDA:40,39,0,4
BRDA:40,40,0,2
BRDA:40,41,0,0
BRDA:40,42,0,2
BRDA:40,43,0,0
BRDA:40,44,0,0
BRDA:40,45,0,0
BRDA:40,46,0,17
BRDA:40,47,0,16
BRDA:40,48,0,1
BRDA:40,49,0,17
BRDA:40,50,0,4
BRDA:40,51,0,1
BRDA:40,52,0,3
BRDA:40,53,0,0
BRDA:40,54,0,1
BRDA:40,55,0,0
BRDA:13,56,0,1
BRDA:14,57,0,3
BRDA:21,58,0,4
BRDA:40,59,0,4
BRDA:40,60,0,17
BRDA:22,61,0,4
BRDA:40,62,0,4
BRDA:24,63,0,1
BRDA:26,64,0,3
BRDA:28,65,0,2
BRDA:28,66,0,1
BRDA:40,67,0,1
BRDA:32,68,0,3
BRDA:40,69,0,3
BRDA:40,70,0,3
BRF:71
BRH:51
end_of_record
